<?xml version="1.0" encoding="UTF-8"?>
<testng-results ignored="0" total="2" passed="2" failed="0" skipped="0">
  <reporter-output>
  </reporter-output>
  <suite started-at="2023-04-05T15:41:45 EDT" name="Suite" finished-at="2023-04-05T15:41:45 EDT" duration-ms="111">
    <groups>
    </groups>
    <test started-at="2023-04-05T15:41:45 EDT" name="Test" finished-at="2023-04-05T15:41:45 EDT" duration-ms="111">
      <class name="jUnitTestingPackage.AnnotationTesting">
        <test-method is-config="true" signature="beforeclass()[pri:0, instance:jUnitTestingPackage.AnnotationTesting@a9cd3b1]" started-at="2023-04-05T15:41:45 EDT" name="beforeclass" finished-at="2023-04-05T15:41:45 EDT" duration-ms="15" status="PASS">
          <reporter-output>
          </reporter-output>
        </test-method> <!-- beforeclass -->
        <test-method is-config="true" signature="beforeClass()[pri:0, instance:jUnitTestingPackage.AnnotationTesting@a9cd3b1]" started-at="2023-04-05T15:41:45 EDT" name="beforeClass" finished-at="2023-04-05T15:41:45 EDT" duration-ms="1" status="PASS">
          <reporter-output>
          </reporter-output>
        </test-method> <!-- beforeClass -->
        <test-method signature="test1()[pri:0, instance:jUnitTestingPackage.AnnotationTesting@a9cd3b1]" started-at="2023-04-05T15:41:45 EDT" name="test1" finished-at="2023-04-05T15:41:45 EDT" duration-ms="14" status="PASS">
          <reporter-output>
          </reporter-output>
        </test-method> <!-- test1 -->
        <test-method is-config="true" signature="afterClass()[pri:0, instance:jUnitTestingPackage.AnnotationTesting@a9cd3b1]" started-at="2023-04-05T15:41:45 EDT" name="afterClass" finished-at="2023-04-05T15:41:45 EDT" duration-ms="2" status="PASS">
          <reporter-output>
          </reporter-output>
        </test-method> <!-- afterClass -->
        <test-method is-config="true" signature="beforeClass()[pri:0, instance:jUnitTestingPackage.AnnotationTesting@a9cd3b1]" started-at="2023-04-05T15:41:45 EDT" name="beforeClass" finished-at="2023-04-05T15:41:45 EDT" duration-ms="1" status="PASS">
          <reporter-output>
          </reporter-output>
        </test-method> <!-- beforeClass -->
        <test-method signature="test2()[pri:0, instance:jUnitTestingPackage.AnnotationTesting@a9cd3b1]" started-at="2023-04-05T15:41:45 EDT" name="test2" finished-at="2023-04-05T15:41:45 EDT" duration-ms="4" status="PASS">
          <reporter-output>
          </reporter-output>
        </test-method> <!-- test2 -->
        <test-method is-config="true" signature="afterClass()[pri:0, instance:jUnitTestingPackage.AnnotationTesting@a9cd3b1]" started-at="2023-04-05T15:41:45 EDT" name="afterClass" finished-at="2023-04-05T15:41:45 EDT" duration-ms="1" status="PASS">
          <reporter-output>
          </reporter-output>
        </test-method> <!-- afterClass -->
        <test-method is-config="true" signature="afterclass()[pri:0, instance:jUnitTestingPackage.AnnotationTesting@a9cd3b1]" started-at="2023-04-05T15:41:45 EDT" name="afterclass" finished-at="2023-04-05T15:41:45 EDT" duration-ms="2" status="PASS">
          <reporter-output>
          </reporter-output>
        </test-method> <!-- afterclass -->
      </class> <!-- jUnitTestingPackage.AnnotationTesting -->
    </test> <!-- Test -->
  </suite> <!-- Suite -->
</testng-results>
